<?xml version="1.0" encoding="UTF-8"?>
<testsuite xmlns:xsi="http://www.w3.org/2001/XMLSchema-instance" xsi:noNamespaceSchemaLocation="https://maven.apache.org/surefire/maven-surefire-plugin/xsd/surefire-test-report-3.0.xsd" version="3.0" name="uk.ac.ed.inf.unit.RestGetTest" time="0.618" tests="2" errors="0" skipped="0" failures="0">
  <properties>
    <property name="java.specification.version" value="18"/>
    <property name="sun.jnu.encoding" value="UTF-8"/>
    <property name="java.class.path" value="/Users/johnsykes/Desktop/Uni/Year3/ILP/PizzaDronz/target/test-classes:/Users/johnsykes/Desktop/Uni/Year3/ILP/PizzaDronz/target/classes:/Users/johnsykes/.m2/repository/uk/ac/ed/inf/IlpDataObjects/1.0.0-SNAPSHOT/IlpDataObjects-1.0.0-SNAPSHOT.jar:/Users/johnsykes/.m2/repository/com/fasterxml/jackson/core/jackson-annotations/2.15.1/jackson-annotations-2.15.1.jar:/Users/johnsykes/.m2/repository/com/google/code/gson/gson/2.10.1/gson-2.10.1.jar:/Users/johnsykes/.m2/repository/junit/junit/3.8.1/junit-3.8.1.jar:/Users/johnsykes/.m2/repository/org/junit/jupiter/junit-jupiter/5.8.1/junit-jupiter-5.8.1.jar:/Users/johnsykes/.m2/repository/org/junit/jupiter/junit-jupiter-api/5.8.1/junit-jupiter-api-5.8.1.jar:/Users/johnsykes/.m2/repository/org/opentest4j/opentest4j/1.2.0/opentest4j-1.2.0.jar:/Users/johnsykes/.m2/repository/org/junit/platform/junit-platform-commons/1.8.1/junit-platform-commons-1.8.1.jar:/Users/johnsykes/.m2/repository/org/apiguardian/apiguardian-api/1.1.2/apiguardian-api-1.1.2.jar:/Users/johnsykes/.m2/repository/org/junit/jupiter/junit-jupiter-params/5.8.1/junit-jupiter-params-5.8.1.jar:/Users/johnsykes/.m2/repository/org/junit/jupiter/junit-jupiter-engine/5.8.1/junit-jupiter-engine-5.8.1.jar:/Users/johnsykes/.m2/repository/org/junit/platform/junit-platform-engine/1.8.1/junit-platform-engine-1.8.1.jar:/Users/johnsykes/.m2/repository/com/fasterxml/jackson/core/jackson-databind/2.15.3/jackson-databind-2.15.3.jar:/Users/johnsykes/.m2/repository/com/fasterxml/jackson/core/jackson-core/2.15.3/jackson-core-2.15.3.jar:/Users/johnsykes/.m2/repository/com/fasterxml/jackson/datatype/jackson-datatype-jsr310/2.6.0/jackson-datatype-jsr310-2.6.0.jar:/Users/johnsykes/.m2/repository/com/mapbox/mapboxsdk/mapbox-java-geojson/2.2.10/mapbox-java-geojson-2.2.10.jar:/Users/johnsykes/.m2/repository/com/mapbox/mapboxsdk/mapbox-java-core/2.2.10/mapbox-java-core-2.2.10.jar:"/>
    <property name="java.vm.vendor" value="Oracle Corporation"/>
    <property name="sun.arch.data.model" value="64"/>
    <property name="java.vendor.url" value="https://java.oracle.com/"/>
    <property name="user.timezone" value="Europe/London"/>
    <property name="os.name" value="Mac OS X"/>
    <property name="java.vm.specification.version" value="18"/>
    <property name="sun.java.launcher" value="SUN_STANDARD"/>
    <property name="user.country" value="GB"/>
    <property name="sun.boot.library.path" value="/Library/Java/JavaVirtualMachines/jdk-18.0.2.1.jdk/Contents/Home/lib"/>
    <property name="sun.java.command" value="/Users/johnsykes/Desktop/Uni/Year3/ILP/PizzaDronz/target/surefire/surefirebooter-20231109230542606_3.jar /Users/johnsykes/Desktop/Uni/Year3/ILP/PizzaDronz/target/surefire 2023-11-09T23-05-42_570-jvmRun1 surefire-20231109230542606_1tmp surefire_0-20231109230542606_2tmp"/>
    <property name="http.nonProxyHosts" value="local|*.local|169.254/16|*.169.254/16"/>
    <property name="jdk.debug" value="release"/>
    <property name="surefire.test.class.path" value="/Users/johnsykes/Desktop/Uni/Year3/ILP/PizzaDronz/target/test-classes:/Users/johnsykes/Desktop/Uni/Year3/ILP/PizzaDronz/target/classes:/Users/johnsykes/.m2/repository/uk/ac/ed/inf/IlpDataObjects/1.0.0-SNAPSHOT/IlpDataObjects-1.0.0-SNAPSHOT.jar:/Users/johnsykes/.m2/repository/com/fasterxml/jackson/core/jackson-annotations/2.15.1/jackson-annotations-2.15.1.jar:/Users/johnsykes/.m2/repository/com/google/code/gson/gson/2.10.1/gson-2.10.1.jar:/Users/johnsykes/.m2/repository/junit/junit/3.8.1/junit-3.8.1.jar:/Users/johnsykes/.m2/repository/org/junit/jupiter/junit-jupiter/5.8.1/junit-jupiter-5.8.1.jar:/Users/johnsykes/.m2/repository/org/junit/jupiter/junit-jupiter-api/5.8.1/junit-jupiter-api-5.8.1.jar:/Users/johnsykes/.m2/repository/org/opentest4j/opentest4j/1.2.0/opentest4j-1.2.0.jar:/Users/johnsykes/.m2/repository/org/junit/platform/junit-platform-commons/1.8.1/junit-platform-commons-1.8.1.jar:/Users/johnsykes/.m2/repository/org/apiguardian/apiguardian-api/1.1.2/apiguardian-api-1.1.2.jar:/Users/johnsykes/.m2/repository/org/junit/jupiter/junit-jupiter-params/5.8.1/junit-jupiter-params-5.8.1.jar:/Users/johnsykes/.m2/repository/org/junit/jupiter/junit-jupiter-engine/5.8.1/junit-jupiter-engine-5.8.1.jar:/Users/johnsykes/.m2/repository/org/junit/platform/junit-platform-engine/1.8.1/junit-platform-engine-1.8.1.jar:/Users/johnsykes/.m2/repository/com/fasterxml/jackson/core/jackson-databind/2.15.3/jackson-databind-2.15.3.jar:/Users/johnsykes/.m2/repository/com/fasterxml/jackson/core/jackson-core/2.15.3/jackson-core-2.15.3.jar:/Users/johnsykes/.m2/repository/com/fasterxml/jackson/datatype/jackson-datatype-jsr310/2.6.0/jackson-datatype-jsr310-2.6.0.jar:/Users/johnsykes/.m2/repository/com/mapbox/mapboxsdk/mapbox-java-geojson/2.2.10/mapbox-java-geojson-2.2.10.jar:/Users/johnsykes/.m2/repository/com/mapbox/mapboxsdk/mapbox-java-core/2.2.10/mapbox-java-core-2.2.10.jar:"/>
    <property name="sun.cpu.endian" value="little"/>
    <property name="user.home" value="/Users/johnsykes"/>
    <property name="user.language" value="en"/>
    <property name="java.specification.vendor" value="Oracle Corporation"/>
    <property name="java.version.date" value="2022-08-18"/>
    <property name="java.home" value="/Library/Java/JavaVirtualMachines/jdk-18.0.2.1.jdk/Contents/Home"/>
    <property name="file.separator" value="/"/>
    <property name="basedir" value="/Users/johnsykes/Desktop/Uni/Year3/ILP/PizzaDronz"/>
    <property name="java.vm.compressedOopsMode" value="Zero based"/>
    <property name="line.separator" value="&#10;"/>
    <property name="java.vm.specification.vendor" value="Oracle Corporation"/>
    <property name="java.specification.name" value="Java Platform API Specification"/>
    <property name="apple.awt.application.name" value="ForkedBooter"/>
    <property name="surefire.real.class.path" value="/Users/johnsykes/Desktop/Uni/Year3/ILP/PizzaDronz/target/surefire/surefirebooter-20231109230542606_3.jar"/>
    <property name="sun.management.compiler" value="HotSpot 64-Bit Tiered Compilers"/>
    <property name="ftp.nonProxyHosts" value="local|*.local|169.254/16|*.169.254/16"/>
    <property name="java.runtime.version" value="18.0.2.1+1-1"/>
    <property name="user.name" value="johnsykes"/>
    <property name="path.separator" value=":"/>
    <property name="os.version" value="12.5.1"/>
    <property name="java.runtime.name" value="Java(TM) SE Runtime Environment"/>
    <property name="file.encoding" value="UTF-8"/>
    <property name="java.vm.name" value="Java HotSpot(TM) 64-Bit Server VM"/>
    <property name="localRepository" value="/Users/johnsykes/.m2/repository"/>
    <property name="java.vendor.url.bug" value="https://bugreport.java.com/bugreport/"/>
    <property name="java.io.tmpdir" value="/var/folders/22/0zjsv27s25163x1_rykdmv880000gn/T/"/>
    <property name="idea.version" value="2023.2.3"/>
    <property name="java.version" value="18.0.2.1"/>
    <property name="user.dir" value="/Users/johnsykes/Desktop/Uni/Year3/ILP/PizzaDronz"/>
    <property name="os.arch" value="aarch64"/>
    <property name="java.vm.specification.name" value="Java Virtual Machine Specification"/>
    <property name="native.encoding" value="UTF-8"/>
    <property name="java.library.path" value="/Users/johnsykes/Library/Java/Extensions:/Library/Java/Extensions:/Network/Library/Java/Extensions:/System/Library/Java/Extensions:/usr/lib/java:."/>
    <property name="java.vm.info" value="mixed mode, sharing"/>
    <property name="java.vendor" value="Oracle Corporation"/>
    <property name="java.vm.version" value="18.0.2.1+1-1"/>
    <property name="sun.io.unicode.encoding" value="UnicodeBig"/>
    <property name="socksNonProxyHosts" value="local|*.local|169.254/16|*.169.254/16"/>
    <property name="java.class.version" value="62.0"/>
  </properties>
  <testcase name="getRestaurantsTest" classname="uk.ac.ed.inf.unit.RestGetTest" time="0.373"/>
  <testcase name="isRESTAlive" classname="uk.ac.ed.inf.unit.RestGetTest" time="0.173"/>
</testsuite>